2026-04-10 07:49:04,166 - src.api.main - INFO - Industry route has been called for industry_id:659 - 59
2026-04-10 07:49:24,452 - src.api.main - INFO - Industry route has been called for industry_id:7 - 59
2026-04-10 07:49:44,863 - src.api.main - INFO - Employers route has been called for employer_id:659 - 135
2026-04-10 07:50:31,709 - src.api.main - INFO - Jobs route has been called with employer query parameter: pricew - 160
2026-04-10 07:50:45,559 - src.api.main - INFO - Jobs route has been called with employer query parameter: ey  - 160
2026-04-10 07:51:19,713 - src.api.main - INFO - Jobs route has been called with employer query parameter: 2081 - 160
2026-04-10 08:01:46,255 - src.api.main - INFO - test route has been called - 47
2026-04-10 08:01:55,260 - src.api.main - INFO - test route has been called - 47
2026-04-10 08:02:17,225 - src.api.main - INFO - test route has been called - 47
2026-04-10 08:03:27,872 - src.api.main - INFO - Jobs route has been called - 166
2026-04-10 08:05:56,055 - src.api.main - INFO - Jobs route has been called with employer query parameter: 659 - 160
2026-04-10 08:07:26,640 - src.api.main - INFO - Jobs route has been called - 166
2026-04-10 08:08:07,151 - src.api.main - INFO - Jobs route has been called - 166
2026-04-10 08:11:07,225 - src.api.main - INFO - test route has been called - 47
2026-04-10 08:15:06,700 - src.api.main - INFO - Jobs route has been called with industry query parameter: insurance - 163
2026-04-10 08:15:47,348 - src.api.main - INFO - Jobs route has been called with industry query parameter: insurance - 163
2026-04-10 08:17:32,863 - src.api.main - INFO - Jobs route has been called with employer query parameter: 659 - 160
2026-04-10 08:17:45,443 - src.api.main - INFO - Jobs route has been called with employer query parameter: 659 - 160
2026-04-10 08:20:51,724 - src.api.main - INFO - Jobs route has been called with industry query parameter: insurance - 163
2026-04-10 08:21:09,798 - src.api.main - INFO - Jobs route has been called with employer query parameter: 659 - 160
2026-04-10 08:22:11,314 - src.api.main - INFO - test route has been called - 47
2026-04-10 08:22:20,436 - src.api.main - INFO - Jobs route has been called - 166
2026-04-10 08:22:43,328 - src.api.main - INFO - Jobs route has been called with employer query parameter: 659 - 160
2026-04-10 08:22:56,901 - src.api.main - INFO - Jobs route has been called with industry query parameter: insurance - 163
2026-04-10 08:24:06,267 - src.api.main - INFO - Jobs route has been called - 166
2026-04-10 08:40:47,715 - src.api.main - INFO - Jobs route has been called - 166
2026-04-10 08:41:14,554 - src.api.main - INFO - Jobs route has been called - 166
2026-04-10 08:41:25,577 - src.api.main - INFO - Jobs route has been called - 166
2026-04-10 08:41:49,647 - src.api.main - INFO - Jobs route has been called - 166
2026-04-10 08:44:04,024 - src.api.main - INFO - Jobs route has been called - 166
2026-04-10 08:45:07,945 - src.api.main - INFO - Jobs route has been called - 166
2026-04-10 08:45:14,060 - src.api.main - INFO - Jobs route has been called - 166
2026-04-10 08:46:11,912 - src.api.main - INFO - Jobs route has been called - 166
2026-04-10 08:52:45,566 - src.api.main - INFO - Jobs route has been called - 166
2026-04-10 08:52:56,196 - src.api.main - INFO - Jobs route has been called - 166
2026-04-10 08:53:45,945 - src.api.main - INFO - test route has been called - 47
2026-04-10 08:53:50,507 - src.api.main - INFO - Jobs route has been called - 166
2026-04-10 08:53:56,868 - src.api.main - INFO - Jobs route has been called with employer query parameter: 659 - 160
2026-04-10 08:54:02,495 - src.api.main - INFO - Jobs route has been called with industry query parameter: insurance - 163
2026-04-10 08:54:08,790 - src.api.main - INFO - Jobs route has been called - 166
2026-04-10 08:54:24,260 - src.api.main - INFO - Jobs route has been called - 166
